<?xml version="1.0" encoding="UTF-8"?>
<!-- Generated by org.testng.reporters.JUnitXMLReporter -->
<testsuite hostname="Seymurs-MBP.fios-router.home" ignored="0" name="Default test" tests="6" failures="0" timestamp="07 Aug 2021 16:22:21 GMT" time="0.039" errors="0">
  <testcase name="test" time="0.007" classname="dataDriven.Test2"/>
  <testcase name="test" time="0.001" classname="dataDriven.Test2"/>
  <testcase name="test" time="0.001" classname="dataDriven.Test2"/>
  <testcase name="test2" time="0.003" classname="dataDriven.Test2"/>
  <testcase name="test2" time="0.0" classname="dataDriven.Test2"/>
  <testcase name="test2" time="0.001" classname="dataDriven.Test2"/>
</testsuite> <!-- Default test -->
