<?xml version="1.0" encoding="UTF-8"?>
<testng-results skipped="0" failed="0" ignored="0" total="6" passed="6">
  <reporter-output>
  </reporter-output>
  <suite name="Default suite" duration-ms="39" started-at="2021-08-07T16:22:21Z" finished-at="2021-08-07T16:22:21Z">
    <groups>
    </groups>
    <test name="Default test" duration-ms="39" started-at="2021-08-07T16:22:21Z" finished-at="2021-08-07T16:22:21Z">
      <class name="dataDriven.Test2">
        <test-method status="PASS" signature="test(int, int, int)[pri:0, instance:dataDriven.Test2@2928854b]" name="test" duration-ms="7" started-at="2021-08-07T16:22:21Z" data-provider="calculationData" finished-at="2021-08-07T16:22:21Z">
          <params>
            <param index="0">
              <value>
                <![CDATA[2]]>
              </value>
            </param>
            <param index="1">
              <value>
                <![CDATA[5]]>
              </value>
            </param>
            <param index="2">
              <value>
                <![CDATA[7]]>
              </value>
            </param>
          </params>
          <reporter-output>
          </reporter-output>
        </test-method> <!-- test -->
        <test-method status="PASS" signature="test(int, int, int)[pri:0, instance:dataDriven.Test2@2928854b]" name="test" duration-ms="1" started-at="2021-08-07T16:22:21Z" data-provider="calculationData" finished-at="2021-08-07T16:22:21Z">
          <params>
            <param index="0">
              <value>
                <![CDATA[3]]>
              </value>
            </param>
            <param index="1">
              <value>
                <![CDATA[11]]>
              </value>
            </param>
            <param index="2">
              <value>
                <![CDATA[14]]>
              </value>
            </param>
          </params>
          <reporter-output>
          </reporter-output>
        </test-method> <!-- test -->
        <test-method status="PASS" signature="test(int, int, int)[pri:0, instance:dataDriven.Test2@2928854b]" name="test" duration-ms="1" started-at="2021-08-07T16:22:21Z" data-provider="calculationData" finished-at="2021-08-07T16:22:21Z">
          <params>
            <param index="0">
              <value>
                <![CDATA[5]]>
              </value>
            </param>
            <param index="1">
              <value>
                <![CDATA[4]]>
              </value>
            </param>
            <param index="2">
              <value>
                <![CDATA[9]]>
              </value>
            </param>
          </params>
          <reporter-output>
          </reporter-output>
        </test-method> <!-- test -->
        <test-method status="PASS" signature="test2(java.util.HashMap)[pri:0, instance:dataDriven.Test2@2928854b]" name="test2" duration-ms="3" started-at="2021-08-07T16:22:21Z" data-provider="personInfo" finished-at="2021-08-07T16:22:21Z">
          <params>
            <param index="0">
              <value>
                <![CDATA[{lastName=Li, firstname=Pao, Email=pao@gmail.com, MiddleName=S, phone=703-66-5686}]]>
              </value>
            </param>
          </params>
          <reporter-output>
          </reporter-output>
        </test-method> <!-- test2 -->
        <test-method status="PASS" signature="test2(java.util.HashMap)[pri:0, instance:dataDriven.Test2@2928854b]" name="test2" duration-ms="0" started-at="2021-08-07T16:22:21Z" data-provider="personInfo" finished-at="2021-08-07T16:22:21Z">
          <params>
            <param index="0">
              <value>
                <![CDATA[{lastName=Li, firstname=Pao, Email=pao@gmail.com, MiddleName=S, phone=703-66-5686}]]>
              </value>
            </param>
          </params>
          <reporter-output>
          </reporter-output>
        </test-method> <!-- test2 -->
        <test-method status="PASS" signature="test2(java.util.HashMap)[pri:0, instance:dataDriven.Test2@2928854b]" name="test2" duration-ms="1" started-at="2021-08-07T16:22:21Z" data-provider="personInfo" finished-at="2021-08-07T16:22:21Z">
          <params>
            <param index="0">
              <value>
                <![CDATA[{lastName=Li, firstname=Pao, Email=pao@gmail.com, MiddleName=S, phone=703-66-5686}]]>
              </value>
            </param>
          </params>
          <reporter-output>
          </reporter-output>
        </test-method> <!-- test2 -->
      </class> <!-- dataDriven.Test2 -->
    </test> <!-- Default test -->
  </suite> <!-- Default suite -->
</testng-results>
